<?xml version="1.0" encoding="UTF-8"?>
<!-- Generated by org.testng.reporters.JUnitXMLReporter -->
<testsuite ignored="1" hostname="DESKTOP-51T2RU2" failures="0" tests="3" name="Dropdown" time="35.393" errors="0" timestamp="2023-04-28T13:56:05 IST">
  <testcase classname="Tests.StaticDropdownTest" name="printSelectedDropdown" time="2.187"/>
  <testcase classname="Tests.StaticDropdownTest" name="selectFropdown" time="2.554"/>
  <testcase classname="Tests.AutoSuggestiveDropdownTest" name="enterText" time="2.008"/>
  <testcase classname="TestComponent.BaseTest" name="@BeforeTest print" time="0.0">
    <ignored/>
  </testcase> <!-- @BeforeTest print -->
</testsuite> <!-- Dropdown -->
