<?xml version="1.0" encoding="UTF-8"?>
<!-- Generated by org.testng.reporters.JUnitXMLReporter -->
<testsuite ignored="0" hostname="DESKTOP-51T2RU2" failures="0" tests="3" name="Dropdown" time="23.513" errors="0" timestamp="2023-03-06T16:58:40 IST">
  <testcase classname="Tests.StaticDropdownTest" name="printSelectedDropdown" time="0.531"/>
  <testcase classname="Tests.StaticDropdownTest" name="selectFropdown" time="0.438"/>
  <testcase classname="Tests.AutoSuggestiveDropdownTest" name="enterText" time="1.069"/>
</testsuite> <!-- Dropdown -->
