<?xml version="1.0" encoding="UTF-8"?>
<!-- Generated by org.testng.reporters.JUnitXMLReporter -->
<testsuite ignored="3" hostname="DESKTOP-51T2RU2" failures="0" tests="4" name="Test" time="63.488" errors="0" timestamp="2023-04-28T13:56:33 IST">
  <testcase classname="Tests.CheckboxTest" name="getCheckboxCount" time="0.474"/>
  <testcase classname="Tests.CheckboxTest" name="selectCheckbox" time="0.198"/>
  <testcase classname="Tests.SwitchNewTabTest" name="getTitleOfChildWindow" time="7.795"/>
  <testcase classname="Tests.RadioButtonsTest" name="selectRadioButton" time="0.644"/>
  <testcase classname="TestComponent.BaseTest" name="@BeforeTest print" time="0.0">
    <ignored/>
  </testcase> <!-- @BeforeTest print -->
  <testcase classname="Tests.RadioButtonsTest" name="totalCountOfRadioButton" time="0.0">
    <ignored/>
  </testcase> <!-- totalCountOfRadioButton -->
  <testcase classname="TestComponent.BaseTest" name="@BeforeTest print" time="0.0">
    <ignored/>
  </testcase> <!-- @BeforeTest print -->
</testsuite> <!-- Test -->
