<?xml version="1.0" encoding="UTF-8"?>
<testng-results ignored="0" total="2" passed="2" failed="0" skipped="0">
  <reporter-output>
  </reporter-output>
  <suite started-at="2023-05-03T17:02:15 IST" name="Default suite" finished-at="2023-05-03T17:02:29 IST" duration-ms="14165">
    <groups>
    </groups>
    <test started-at="2023-05-03T17:02:15 IST" name="Default test" finished-at="2023-05-03T17:02:29 IST" duration-ms="14165">
      <class name="Tests.RadioButtonsTest">
        <test-method is-config="true" signature="print()[pri:0, instance:Tests.RadioButtonsTest@1a6d8329]" started-at="2023-05-03T17:02:15 IST" name="print" finished-at="2023-05-03T17:02:15 IST" duration-ms="16" status="PASS">
          <reporter-output>
          </reporter-output>
        </test-method> <!-- print -->
        <test-method is-config="true" signature="print1()[pri:0, instance:Tests.RadioButtonsTest@1a6d8329]" started-at="2023-05-03T17:02:15 IST" name="print1" finished-at="2023-05-03T17:02:15 IST" duration-ms="2" status="PASS">
          <reporter-output>
          </reporter-output>
        </test-method> <!-- print1 -->
        <test-method is-config="true" signature="launchWebsite()[pri:0, instance:Tests.RadioButtonsTest@1a6d8329]" started-at="2023-05-03T17:02:15 IST" name="launchWebsite" finished-at="2023-05-03T17:02:24 IST" duration-ms="8919" status="PASS">
          <reporter-output>
          </reporter-output>
        </test-method> <!-- launchWebsite -->
        <test-method signature="selectRadioButton()[pri:0, instance:Tests.RadioButtonsTest@1a6d8329]" started-at="2023-05-03T17:02:24 IST" name="selectRadioButton" finished-at="2023-05-03T17:02:24 IST" duration-ms="406" status="PASS">
          <reporter-output>
          </reporter-output>
        </test-method> <!-- selectRadioButton -->
        <test-method is-config="true" signature="launchWebsite()[pri:0, instance:Tests.RadioButtonsTest@1a6d8329]" started-at="2023-05-03T17:02:24 IST" name="launchWebsite" finished-at="2023-05-03T17:02:29 IST" duration-ms="4666" status="PASS">
          <reporter-output>
          </reporter-output>
        </test-method> <!-- launchWebsite -->
        <test-method signature="totalCountOfRadioButton()[pri:0, instance:Tests.RadioButtonsTest@1a6d8329]" started-at="2023-05-03T17:02:29 IST" name="totalCountOfRadioButton" finished-at="2023-05-03T17:02:29 IST" duration-ms="51" status="PASS">
          <reporter-output>
          </reporter-output>
        </test-method> <!-- totalCountOfRadioButton -->
      </class> <!-- Tests.RadioButtonsTest -->
    </test> <!-- Default test -->
  </suite> <!-- Default suite -->
</testng-results>
